19:31:07 INFO  : Registering command handlers for SDK TCF services
19:31:07 INFO  : Launching XSCT server: xsct.bat -interactive C:\xup\fpga_flow\2018_2_zynq_labs\lab6\lab6.sdk\temp_xsdb_launch_script.tcl
19:31:10 INFO  : XSCT server has started successfully.
19:31:11 INFO  : Successfully done setting XSCT server connection channel  
19:31:11 INFO  : Successfully done setting SDK workspace  
19:31:11 INFO  : Processing command line option -hwspec C:/xup/fpga_flow/2018_2_zynq_labs/lab6/lab6.sdk/uart_top.hdf.
19:34:13 INFO  : 'targets -set -filter {jtag_cable_name =~ "Xilinx TUL 1234-tulA" && level==0} -index 1' command is executed.
19:34:13 INFO  : 'fpga -state' command is executed.
19:34:13 INFO  : Connected to target on host '127.0.0.1' and port '3121'.
19:34:13 INFO  : Jtag cable 'Xilinx TUL 1234-tulA' is selected.
19:34:13 INFO  : 'jtag frequency' command is executed.
19:34:13 INFO  : Sourcing of 'C:/xup/fpga_flow/2018_2_zynq_labs/lab6/lab6.sdk/uart_top_hw_platform_0/ps7_init.tcl' is done.
19:34:13 INFO  : Context for 'APU' is selected.
19:34:13 INFO  : Hardware design information is loaded from 'C:/xup/fpga_flow/2018_2_zynq_labs/lab6/lab6.sdk/uart_top_hw_platform_0/system.hdf'.
19:34:13 INFO  : 'configparams force-mem-access 1' command is executed.
19:34:13 INFO  : Context for 'APU' is selected.
19:34:13 INFO  : 'stop' command is executed.
19:34:13 INFO  : 'ps7_init' command is executed.
19:34:13 INFO  : 'ps7_post_config' command is executed.
19:34:13 INFO  : Context for processor 'ps7_cortexa9_0' is selected.
19:34:13 INFO  : Processor reset is completed for 'ps7_cortexa9_0'.
19:34:13 INFO  : Context for processor 'ps7_cortexa9_0' is selected.
19:34:13 INFO  : The application 'C:/xup/fpga_flow/2018_2_zynq_labs/lab6/lab6.sdk/uart_led_zynq/Debug/uart_led_zynq.elf' is downloaded to processor 'ps7_cortexa9_0'.
19:34:13 INFO  : 'configparams force-mem-access 0' command is executed.
19:34:13 INFO  : ----------------XSDB Script----------------
connect -url tcp:127.0.0.1:3121
source C:/xup/fpga_flow/2018_2_zynq_labs/lab6/lab6.sdk/uart_top_hw_platform_0/ps7_init.tcl
targets -set -nocase -filter {name =~"APU*" && jtag_cable_name =~ "Xilinx TUL 1234-tulA"} -index 0
loadhw -hw C:/xup/fpga_flow/2018_2_zynq_labs/lab6/lab6.sdk/uart_top_hw_platform_0/system.hdf -mem-ranges [list {0x40000000 0xbfffffff}]
configparams force-mem-access 1
targets -set -nocase -filter {name =~"APU*" && jtag_cable_name =~ "Xilinx TUL 1234-tulA"} -index 0
stop
ps7_init
ps7_post_config
targets -set -nocase -filter {name =~ "ARM*#0" && jtag_cable_name =~ "Xilinx TUL 1234-tulA"} -index 0
rst -processor
targets -set -nocase -filter {name =~ "ARM*#0" && jtag_cable_name =~ "Xilinx TUL 1234-tulA"} -index 0
dow C:/xup/fpga_flow/2018_2_zynq_labs/lab6/lab6.sdk/uart_led_zynq/Debug/uart_led_zynq.elf
configparams force-mem-access 0
----------------End of Script----------------

19:34:14 INFO  : Memory regions updated for context APU
19:34:14 INFO  : Context for processor 'ps7_cortexa9_0' is selected.
19:34:14 INFO  : 'con' command is executed.
19:34:14 INFO  : ----------------XSDB Script (After Launch)----------------
targets -set -nocase -filter {name =~ "ARM*#0" && jtag_cable_name =~ "Xilinx TUL 1234-tulA"} -index 0
con
----------------End of Script----------------

19:34:14 INFO  : Launch script is exported to file 'C:\xup\fpga_flow\2018_2_zynq_labs\lab6\lab6.sdk\.sdk\launch_scripts\xilinx_c-c++_application_(system_debugger)\system_debugger_using_debug_uart_led_zynq.elf_on_local.tcl'
19:34:48 INFO  : Disconnected from the channel tcfchan#1.
19:34:49 INFO  : 'targets -set -filter {jtag_cable_name =~ "Xilinx TUL 1234-tulA" && level==0} -index 1' command is executed.
19:34:49 INFO  : 'fpga -state' command is executed.
19:34:49 INFO  : Connected to target on host '127.0.0.1' and port '3121'.
19:34:50 INFO  : Jtag cable 'Xilinx TUL 1234-tulA' is selected.
19:34:50 INFO  : 'jtag frequency' command is executed.
19:34:50 INFO  : Sourcing of 'C:/xup/fpga_flow/2018_2_zynq_labs/lab6/lab6.sdk/uart_top_hw_platform_0/ps7_init.tcl' is done.
19:34:50 INFO  : Context for 'APU' is selected.
19:34:51 INFO  : Hardware design information is loaded from 'C:/xup/fpga_flow/2018_2_zynq_labs/lab6/lab6.sdk/uart_top_hw_platform_0/system.hdf'.
19:34:51 INFO  : 'configparams force-mem-access 1' command is executed.
19:34:51 INFO  : Context for 'APU' is selected.
19:34:51 INFO  : 'stop' command is executed.
19:34:51 INFO  : 'ps7_init' command is executed.
19:34:51 INFO  : 'ps7_post_config' command is executed.
19:34:51 INFO  : Context for processor 'ps7_cortexa9_0' is selected.
19:34:51 INFO  : Processor reset is completed for 'ps7_cortexa9_0'.
19:34:51 INFO  : Context for processor 'ps7_cortexa9_0' is selected.
19:34:52 INFO  : The application 'C:/xup/fpga_flow/2018_2_zynq_labs/lab6/lab6.sdk/uart_led_zynq/Debug/uart_led_zynq.elf' is downloaded to processor 'ps7_cortexa9_0'.
19:34:52 INFO  : 'configparams force-mem-access 0' command is executed.
19:34:52 INFO  : ----------------XSDB Script----------------
connect -url tcp:127.0.0.1:3121
source C:/xup/fpga_flow/2018_2_zynq_labs/lab6/lab6.sdk/uart_top_hw_platform_0/ps7_init.tcl
targets -set -nocase -filter {name =~"APU*" && jtag_cable_name =~ "Xilinx TUL 1234-tulA"} -index 0
loadhw -hw C:/xup/fpga_flow/2018_2_zynq_labs/lab6/lab6.sdk/uart_top_hw_platform_0/system.hdf -mem-ranges [list {0x40000000 0xbfffffff}]
configparams force-mem-access 1
targets -set -nocase -filter {name =~"APU*" && jtag_cable_name =~ "Xilinx TUL 1234-tulA"} -index 0
stop
ps7_init
ps7_post_config
targets -set -nocase -filter {name =~ "ARM*#0" && jtag_cable_name =~ "Xilinx TUL 1234-tulA"} -index 0
rst -processor
targets -set -nocase -filter {name =~ "ARM*#0" && jtag_cable_name =~ "Xilinx TUL 1234-tulA"} -index 0
dow C:/xup/fpga_flow/2018_2_zynq_labs/lab6/lab6.sdk/uart_led_zynq/Debug/uart_led_zynq.elf
configparams force-mem-access 0
----------------End of Script----------------

19:34:52 INFO  : Memory regions updated for context APU
19:34:52 INFO  : Context for processor 'ps7_cortexa9_0' is selected.
19:34:52 INFO  : 'con' command is executed.
19:34:52 INFO  : ----------------XSDB Script (After Launch)----------------
targets -set -nocase -filter {name =~ "ARM*#0" && jtag_cable_name =~ "Xilinx TUL 1234-tulA"} -index 0
con
----------------End of Script----------------

19:34:52 INFO  : Launch script is exported to file 'C:\xup\fpga_flow\2018_2_zynq_labs\lab6\lab6.sdk\.sdk\launch_scripts\xilinx_c-c++_application_(system_debugger)\system_debugger_using_debug_uart_led_zynq.elf_on_local.tcl'
19:56:54 INFO  : Disconnected from the channel tcfchan#2.
